<?xml version="1.0" encoding="UTF-8" standalone="no"?>
<!DOCTYPE log SYSTEM "logger.dtd">
<log>
<record>
  <date>2024-03-30T10:30:53.971759900Z</date>
  <millis>1711794653971</millis>
  <nanos>759900</nanos>
  <sequence>0</sequence>
  <logger>A</logger>
  <level>INFO</level>
  <class>persona.Persona</class>
  <method>addFactura</method>
  <thread>1</thread>
  <message>Factura a単adida</message>
</record>
<record>
  <date>2024-03-30T10:30:53.988817100Z</date>
  <millis>1711794653988</millis>
  <nanos>817100</nanos>
  <sequence>1</sequence>
  <logger>A</logger>
  <level>INFO</level>
  <class>persona.Persona</class>
  <method>addVenta</method>
  <thread>1</thread>
  <message>Venta a単adida</message>
</record>
<record>
  <date>2024-03-30T10:30:53.990823800Z</date>
  <millis>1711794653990</millis>
  <nanos>823800</nanos>
  <sequence>2</sequence>
  <logger>A</logger>
  <level>INFO</level>
  <class>persona.Persona</class>
  <method>addFactura</method>
  <thread>1</thread>
  <message>Factura a単adida</message>
</record>
<record>
  <date>2024-03-30T10:30:53.991827700Z</date>
  <millis>1711794653991</millis>
  <nanos>827700</nanos>
  <sequence>3</sequence>
  <logger>A</logger>
  <level>INFO</level>
  <class>persona.Persona</class>
  <method>addVenta</method>
  <thread>1</thread>
  <message>Venta a単adida</message>
</record>
<record>
  <date>2024-03-30T10:30:53.993834300Z</date>
  <millis>1711794653993</millis>
  <nanos>834300</nanos>
  <sequence>4</sequence>
  <logger>A</logger>
  <level>INFO</level>
  <class>persona.Persona</class>
  <method>buscarVenta</method>
  <thread>1</thread>
  <message>Venta encontrada</message>
</record>
<record>
  <date>2024-03-30T10:30:54.014902700Z</date>
  <millis>1711794654014</millis>
  <nanos>902700</nanos>
  <sequence>5</sequence>
  <logger>A</logger>
  <level>INFO</level>
  <class>persona.Persona</class>
  <method>buscarVenta</method>
  <thread>1</thread>
  <message>Venta encontrada</message>
</record>
<record>
  <date>2024-03-30T10:30:54.015906Z</date>
  <millis>1711794654015</millis>
  <nanos>906000</nanos>
  <sequence>6</sequence>
  <logger>A</logger>
  <level>INFO</level>
  <class>persona.Persona</class>
  <method>modificarVenta</method>
  <thread>1</thread>
  <message>Venta modificada.</message>
</record>
<record>
  <date>2024-03-30T10:30:54.016908900Z</date>
  <millis>1711794654016</millis>
  <nanos>908900</nanos>
  <sequence>7</sequence>
  <logger>A</logger>
  <level>INFO</level>
  <class>persona.Persona</class>
  <method>buscarVenta</method>
  <thread>1</thread>
  <message>Venta encontrada</message>
</record>
<record>
  <date>2024-03-30T10:30:54.018916200Z</date>
  <millis>1711794654018</millis>
  <nanos>916200</nanos>
  <sequence>8</sequence>
  <logger>A</logger>
  <level>INFO</level>
  <class>persona.Persona</class>
  <method>modificarVenta</method>
  <thread>1</thread>
  <message>Venta modificada.</message>
</record>
<record>
  <date>2024-03-30T10:30:54.019919300Z</date>
  <millis>1711794654019</millis>
  <nanos>919300</nanos>
  <sequence>9</sequence>
  <logger>A</logger>
  <level>INFO</level>
  <class>persona.Persona</class>
  <method>buscarVenta</method>
  <thread>1</thread>
  <message>Venta encontrada</message>
</record>
<record>
  <date>2024-03-30T10:30:54.020922700Z</date>
  <millis>1711794654020</millis>
  <nanos>922700</nanos>
  <sequence>10</sequence>
  <logger>A</logger>
  <level>INFO</level>
  <class>persona.Persona</class>
  <method>buscarVenta</method>
  <thread>1</thread>
  <message>Venta no encontrada</message>
</record>
<record>
  <date>2024-03-30T10:30:54.022930Z</date>
  <millis>1711794654022</millis>
  <nanos>930000</nanos>
  <sequence>11</sequence>
  <logger>A</logger>
  <level>INFO</level>
  <class>persona.Persona</class>
  <method>buscarVenta</method>
  <thread>1</thread>
  <message>Venta no encontrada</message>
</record>
</log>
